output = "../results/BPw0X2UZp1JxKv8w-2683338/"
overwrite = true
threads = 8
db-shufflings = 100
db-block-size = 10
db-in-block-shuffle = false
max-reactivity = 1.0
max-align-overlap = 0.5
null-hsgs = 10000
inclusion-evalue = 0.01
report-evalue = 1.0
report-alignment = "Stockholm"
report-reactivity = true
min-kmers = 2
max-kmer-dist = 30
kmer-len = 15
kmer-offset = 1
match-kmer-gc-content = false
match-kmer-seq = false
kmer-min-complexity = 0.30000001192092896
kmer-max-match-every-nt = 200
align-match-score = "-0.5,2"
align-mismatch-score = "-6,-0.5"
align-gap-open-penalty = -14.0
align-gap-ext-penalty = -5.0
align-max-drop-off-rate = 0.800000011920929
align-max-drop-off-bases = 8
align-len-tolerance = 0.10000000149011612
align-score-seq = false
align-seq-match-score = 0.5
align-seq-mismatch-score = -2.0
eval-align-fold = true
shufflings = 100
block-size = 3
in-block-shuffle = false
min-bp-support = 0.75
ribosum-scoring = false
align-fold-pvalue = 0.05000000074505806
slope = 1.7999999523162842
intercept = -0.6000000238418579
max-bp-span = 600
no-lonely-pairs = false
no-closing-gu = false
temperature = 37.0
